<?xml version="1.0" encoding="UTF-8"?>
<testsuite xmlns:xsi="http://www.w3.org/2001/XMLSchema-instance" xsi:noNamespaceSchemaLocation="https://maven.apache.org/surefire/maven-surefire-plugin/xsd/surefire-test-report.xsd" name="com.test.AppTest" time="0.036" tests="1" errors="0" skipped="0" failures="0">
  <properties>
    <property name="sun.desktop" value="windows"/>
    <property name="awt.toolkit" value="sun.awt.windows.WToolkit"/>
    <property name="file.encoding.pkg" value="sun.io"/>
    <property name="java.specification.version" value="1.8"/>
    <property name="sun.cpu.isalist" value="amd64"/>
    <property name="sun.jnu.encoding" value="GBK"/>
    <property name="java.class.path" value="D:\大数据\mypro01\target\test-classes;D:\大数据\mypro01\target\classes;D:\大数据\maven01\junit\junit\4.11\junit-4.11.jar;D:\大数据\maven01\org\hamcrest\hamcrest-core\1.3\hamcrest-core-1.3.jar;D:\大数据\maven01\org\apache\hadoop\hadoop-client\2.7.3\hadoop-client-2.7.3.jar;D:\大数据\maven01\org\apache\hadoop\hadoop-common\2.7.3\hadoop-common-2.7.3.jar;D:\大数据\maven01\com\google\guava\guava\11.0.2\guava-11.0.2.jar;D:\大数据\maven01\commons-cli\commons-cli\1.2\commons-cli-1.2.jar;D:\大数据\maven01\org\apache\commons\commons-math3\3.1.1\commons-math3-3.1.1.jar;D:\大数据\maven01\xmlenc\xmlenc\0.52\xmlenc-0.52.jar;D:\大数据\maven01\commons-httpclient\commons-httpclient\3.1\commons-httpclient-3.1.jar;D:\大数据\maven01\commons-codec\commons-codec\1.4\commons-codec-1.4.jar;D:\大数据\maven01\commons-io\commons-io\2.4\commons-io-2.4.jar;D:\大数据\maven01\commons-net\commons-net\3.1\commons-net-3.1.jar;D:\大数据\maven01\commons-collections\commons-collections\3.2.2\commons-collections-3.2.2.jar;D:\大数据\maven01\javax\servlet\jsp\jsp-api\2.1\jsp-api-2.1.jar;D:\大数据\maven01\commons-logging\commons-logging\1.1.3\commons-logging-1.1.3.jar;D:\大数据\maven01\log4j\log4j\1.2.17\log4j-1.2.17.jar;D:\大数据\maven01\commons-lang\commons-lang\2.6\commons-lang-2.6.jar;D:\大数据\maven01\commons-configuration\commons-configuration\1.6\commons-configuration-1.6.jar;D:\大数据\maven01\commons-digester\commons-digester\1.8\commons-digester-1.8.jar;D:\大数据\maven01\commons-beanutils\commons-beanutils\1.7.0\commons-beanutils-1.7.0.jar;D:\大数据\maven01\commons-beanutils\commons-beanutils-core\1.8.0\commons-beanutils-core-1.8.0.jar;D:\大数据\maven01\org\slf4j\slf4j-api\1.7.10\slf4j-api-1.7.10.jar;D:\大数据\maven01\org\slf4j\slf4j-log4j12\1.7.10\slf4j-log4j12-1.7.10.jar;D:\大数据\maven01\org\codehaus\jackson\jackson-core-asl\1.9.13\jackson-core-asl-1.9.13.jar;D:\大数据\maven01\org\codehaus\jackson\jackson-mapper-asl\1.9.13\jackson-mapper-asl-1.9.13.jar;D:\大数据\maven01\org\apache\avro\avro\1.7.4\avro-1.7.4.jar;D:\大数据\maven01\com\thoughtworks\paranamer\paranamer\2.3\paranamer-2.3.jar;D:\大数据\maven01\org\xerial\snappy\snappy-java\1.0.4.1\snappy-java-1.0.4.1.jar;D:\大数据\maven01\com\google\protobuf\protobuf-java\2.5.0\protobuf-java-2.5.0.jar;D:\大数据\maven01\com\google\code\gson\gson\2.2.4\gson-2.2.4.jar;D:\大数据\maven01\org\apache\hadoop\hadoop-auth\2.7.3\hadoop-auth-2.7.3.jar;D:\大数据\maven01\org\apache\httpcomponents\httpclient\4.2.5\httpclient-4.2.5.jar;D:\大数据\maven01\org\apache\httpcomponents\httpcore\4.2.4\httpcore-4.2.4.jar;D:\大数据\maven01\org\apache\directory\server\apacheds-kerberos-codec\2.0.0-M15\apacheds-kerberos-codec-2.0.0-M15.jar;D:\大数据\maven01\org\apache\directory\server\apacheds-i18n\2.0.0-M15\apacheds-i18n-2.0.0-M15.jar;D:\大数据\maven01\org\apache\directory\api\api-asn1-api\1.0.0-M20\api-asn1-api-1.0.0-M20.jar;D:\大数据\maven01\org\apache\directory\api\api-util\1.0.0-M20\api-util-1.0.0-M20.jar;D:\大数据\maven01\org\apache\curator\curator-framework\2.7.1\curator-framework-2.7.1.jar;D:\大数据\maven01\org\apache\curator\curator-client\2.7.1\curator-client-2.7.1.jar;D:\大数据\maven01\org\apache\curator\curator-recipes\2.7.1\curator-recipes-2.7.1.jar;D:\大数据\maven01\com\google\code\findbugs\jsr305\3.0.0\jsr305-3.0.0.jar;D:\大数据\maven01\org\apache\htrace\htrace-core\3.1.0-incubating\htrace-core-3.1.0-incubating.jar;D:\大数据\maven01\org\apache\zookeeper\zookeeper\3.4.6\zookeeper-3.4.6.jar;D:\大数据\maven01\org\apache\commons\commons-compress\1.4.1\commons-compress-1.4.1.jar;D:\大数据\maven01\org\tukaani\xz\1.0\xz-1.0.jar;D:\大数据\maven01\org\apache\hadoop\hadoop-hdfs\2.7.3\hadoop-hdfs-2.7.3.jar;D:\大数据\maven01\org\mortbay\jetty\jetty-util\6.1.26\jetty-util-6.1.26.jar;D:\大数据\maven01\io\netty\netty\3.6.2.Final\netty-3.6.2.Final.jar;D:\大数据\maven01\io\netty\netty-all\4.0.23.Final\netty-all-4.0.23.Final.jar;D:\大数据\maven01\xerces\xercesImpl\2.9.1\xercesImpl-2.9.1.jar;D:\大数据\maven01\xml-apis\xml-apis\1.3.04\xml-apis-1.3.04.jar;D:\大数据\maven01\org\fusesource\leveldbjni\leveldbjni-all\1.8\leveldbjni-all-1.8.jar;D:\大数据\maven01\org\apache\hadoop\hadoop-mapreduce-client-app\2.7.3\hadoop-mapreduce-client-app-2.7.3.jar;D:\大数据\maven01\org\apache\hadoop\hadoop-mapreduce-client-common\2.7.3\hadoop-mapreduce-client-common-2.7.3.jar;D:\大数据\maven01\org\apache\hadoop\hadoop-yarn-client\2.7.3\hadoop-yarn-client-2.7.3.jar;D:\大数据\maven01\org\apache\hadoop\hadoop-yarn-server-common\2.7.3\hadoop-yarn-server-common-2.7.3.jar;D:\大数据\maven01\org\apache\hadoop\hadoop-mapreduce-client-shuffle\2.7.3\hadoop-mapreduce-client-shuffle-2.7.3.jar;D:\大数据\maven01\org\apache\hadoop\hadoop-yarn-api\2.7.3\hadoop-yarn-api-2.7.3.jar;D:\大数据\maven01\org\apache\hadoop\hadoop-mapreduce-client-core\2.7.3\hadoop-mapreduce-client-core-2.7.3.jar;D:\大数据\maven01\org\apache\hadoop\hadoop-yarn-common\2.7.3\hadoop-yarn-common-2.7.3.jar;D:\大数据\maven01\javax\xml\bind\jaxb-api\2.2.2\jaxb-api-2.2.2.jar;D:\大数据\maven01\javax\xml\stream\stax-api\1.0-2\stax-api-1.0-2.jar;D:\大数据\maven01\javax\activation\activation\1.1\activation-1.1.jar;D:\大数据\maven01\javax\servlet\servlet-api\2.5\servlet-api-2.5.jar;D:\大数据\maven01\com\sun\jersey\jersey-core\1.9\jersey-core-1.9.jar;D:\大数据\maven01\com\sun\jersey\jersey-client\1.9\jersey-client-1.9.jar;D:\大数据\maven01\org\codehaus\jackson\jackson-jaxrs\1.9.13\jackson-jaxrs-1.9.13.jar;D:\大数据\maven01\org\codehaus\jackson\jackson-xc\1.9.13\jackson-xc-1.9.13.jar;D:\大数据\maven01\org\apache\hadoop\hadoop-mapreduce-client-jobclient\2.7.3\hadoop-mapreduce-client-jobclient-2.7.3.jar;D:\大数据\maven01\org\apache\hadoop\hadoop-annotations\2.7.3\hadoop-annotations-2.7.3.jar;"/>
    <property name="java.vm.vendor" value="Oracle Corporation"/>
    <property name="sun.arch.data.model" value="64"/>
    <property name="user.variant" value=""/>
    <property name="java.vendor.url" value="http://java.oracle.com/"/>
    <property name="user.timezone" value="GMT+08:00"/>
    <property name="java.vm.specification.version" value="1.8"/>
    <property name="os.name" value="Windows 10"/>
    <property name="user.country" value="CN"/>
    <property name="sun.java.launcher" value="SUN_STANDARD"/>
    <property name="sun.boot.library.path" value="D:\java\jre\bin"/>
    <property name="sun.java.command" value="C:\Users\41024\AppData\Local\Temp\surefire768979080993258833\surefirebooter2424821790257334761.jar C:\Users\41024\AppData\Local\Temp\surefire768979080993258833 2019-10-24T18-50-16_309-jvmRun1 surefire8405712859935254398tmp surefire_01243061797443056416tmp"/>
    <property name="surefire.test.class.path" value="D:\大数据\mypro01\target\test-classes;D:\大数据\mypro01\target\classes;D:\大数据\maven01\junit\junit\4.11\junit-4.11.jar;D:\大数据\maven01\org\hamcrest\hamcrest-core\1.3\hamcrest-core-1.3.jar;D:\大数据\maven01\org\apache\hadoop\hadoop-client\2.7.3\hadoop-client-2.7.3.jar;D:\大数据\maven01\org\apache\hadoop\hadoop-common\2.7.3\hadoop-common-2.7.3.jar;D:\大数据\maven01\com\google\guava\guava\11.0.2\guava-11.0.2.jar;D:\大数据\maven01\commons-cli\commons-cli\1.2\commons-cli-1.2.jar;D:\大数据\maven01\org\apache\commons\commons-math3\3.1.1\commons-math3-3.1.1.jar;D:\大数据\maven01\xmlenc\xmlenc\0.52\xmlenc-0.52.jar;D:\大数据\maven01\commons-httpclient\commons-httpclient\3.1\commons-httpclient-3.1.jar;D:\大数据\maven01\commons-codec\commons-codec\1.4\commons-codec-1.4.jar;D:\大数据\maven01\commons-io\commons-io\2.4\commons-io-2.4.jar;D:\大数据\maven01\commons-net\commons-net\3.1\commons-net-3.1.jar;D:\大数据\maven01\commons-collections\commons-collections\3.2.2\commons-collections-3.2.2.jar;D:\大数据\maven01\javax\servlet\jsp\jsp-api\2.1\jsp-api-2.1.jar;D:\大数据\maven01\commons-logging\commons-logging\1.1.3\commons-logging-1.1.3.jar;D:\大数据\maven01\log4j\log4j\1.2.17\log4j-1.2.17.jar;D:\大数据\maven01\commons-lang\commons-lang\2.6\commons-lang-2.6.jar;D:\大数据\maven01\commons-configuration\commons-configuration\1.6\commons-configuration-1.6.jar;D:\大数据\maven01\commons-digester\commons-digester\1.8\commons-digester-1.8.jar;D:\大数据\maven01\commons-beanutils\commons-beanutils\1.7.0\commons-beanutils-1.7.0.jar;D:\大数据\maven01\commons-beanutils\commons-beanutils-core\1.8.0\commons-beanutils-core-1.8.0.jar;D:\大数据\maven01\org\slf4j\slf4j-api\1.7.10\slf4j-api-1.7.10.jar;D:\大数据\maven01\org\slf4j\slf4j-log4j12\1.7.10\slf4j-log4j12-1.7.10.jar;D:\大数据\maven01\org\codehaus\jackson\jackson-core-asl\1.9.13\jackson-core-asl-1.9.13.jar;D:\大数据\maven01\org\codehaus\jackson\jackson-mapper-asl\1.9.13\jackson-mapper-asl-1.9.13.jar;D:\大数据\maven01\org\apache\avro\avro\1.7.4\avro-1.7.4.jar;D:\大数据\maven01\com\thoughtworks\paranamer\paranamer\2.3\paranamer-2.3.jar;D:\大数据\maven01\org\xerial\snappy\snappy-java\1.0.4.1\snappy-java-1.0.4.1.jar;D:\大数据\maven01\com\google\protobuf\protobuf-java\2.5.0\protobuf-java-2.5.0.jar;D:\大数据\maven01\com\google\code\gson\gson\2.2.4\gson-2.2.4.jar;D:\大数据\maven01\org\apache\hadoop\hadoop-auth\2.7.3\hadoop-auth-2.7.3.jar;D:\大数据\maven01\org\apache\httpcomponents\httpclient\4.2.5\httpclient-4.2.5.jar;D:\大数据\maven01\org\apache\httpcomponents\httpcore\4.2.4\httpcore-4.2.4.jar;D:\大数据\maven01\org\apache\directory\server\apacheds-kerberos-codec\2.0.0-M15\apacheds-kerberos-codec-2.0.0-M15.jar;D:\大数据\maven01\org\apache\directory\server\apacheds-i18n\2.0.0-M15\apacheds-i18n-2.0.0-M15.jar;D:\大数据\maven01\org\apache\directory\api\api-asn1-api\1.0.0-M20\api-asn1-api-1.0.0-M20.jar;D:\大数据\maven01\org\apache\directory\api\api-util\1.0.0-M20\api-util-1.0.0-M20.jar;D:\大数据\maven01\org\apache\curator\curator-framework\2.7.1\curator-framework-2.7.1.jar;D:\大数据\maven01\org\apache\curator\curator-client\2.7.1\curator-client-2.7.1.jar;D:\大数据\maven01\org\apache\curator\curator-recipes\2.7.1\curator-recipes-2.7.1.jar;D:\大数据\maven01\com\google\code\findbugs\jsr305\3.0.0\jsr305-3.0.0.jar;D:\大数据\maven01\org\apache\htrace\htrace-core\3.1.0-incubating\htrace-core-3.1.0-incubating.jar;D:\大数据\maven01\org\apache\zookeeper\zookeeper\3.4.6\zookeeper-3.4.6.jar;D:\大数据\maven01\org\apache\commons\commons-compress\1.4.1\commons-compress-1.4.1.jar;D:\大数据\maven01\org\tukaani\xz\1.0\xz-1.0.jar;D:\大数据\maven01\org\apache\hadoop\hadoop-hdfs\2.7.3\hadoop-hdfs-2.7.3.jar;D:\大数据\maven01\org\mortbay\jetty\jetty-util\6.1.26\jetty-util-6.1.26.jar;D:\大数据\maven01\io\netty\netty\3.6.2.Final\netty-3.6.2.Final.jar;D:\大数据\maven01\io\netty\netty-all\4.0.23.Final\netty-all-4.0.23.Final.jar;D:\大数据\maven01\xerces\xercesImpl\2.9.1\xercesImpl-2.9.1.jar;D:\大数据\maven01\xml-apis\xml-apis\1.3.04\xml-apis-1.3.04.jar;D:\大数据\maven01\org\fusesource\leveldbjni\leveldbjni-all\1.8\leveldbjni-all-1.8.jar;D:\大数据\maven01\org\apache\hadoop\hadoop-mapreduce-client-app\2.7.3\hadoop-mapreduce-client-app-2.7.3.jar;D:\大数据\maven01\org\apache\hadoop\hadoop-mapreduce-client-common\2.7.3\hadoop-mapreduce-client-common-2.7.3.jar;D:\大数据\maven01\org\apache\hadoop\hadoop-yarn-client\2.7.3\hadoop-yarn-client-2.7.3.jar;D:\大数据\maven01\org\apache\hadoop\hadoop-yarn-server-common\2.7.3\hadoop-yarn-server-common-2.7.3.jar;D:\大数据\maven01\org\apache\hadoop\hadoop-mapreduce-client-shuffle\2.7.3\hadoop-mapreduce-client-shuffle-2.7.3.jar;D:\大数据\maven01\org\apache\hadoop\hadoop-yarn-api\2.7.3\hadoop-yarn-api-2.7.3.jar;D:\大数据\maven01\org\apache\hadoop\hadoop-mapreduce-client-core\2.7.3\hadoop-mapreduce-client-core-2.7.3.jar;D:\大数据\maven01\org\apache\hadoop\hadoop-yarn-common\2.7.3\hadoop-yarn-common-2.7.3.jar;D:\大数据\maven01\javax\xml\bind\jaxb-api\2.2.2\jaxb-api-2.2.2.jar;D:\大数据\maven01\javax\xml\stream\stax-api\1.0-2\stax-api-1.0-2.jar;D:\大数据\maven01\javax\activation\activation\1.1\activation-1.1.jar;D:\大数据\maven01\javax\servlet\servlet-api\2.5\servlet-api-2.5.jar;D:\大数据\maven01\com\sun\jersey\jersey-core\1.9\jersey-core-1.9.jar;D:\大数据\maven01\com\sun\jersey\jersey-client\1.9\jersey-client-1.9.jar;D:\大数据\maven01\org\codehaus\jackson\jackson-jaxrs\1.9.13\jackson-jaxrs-1.9.13.jar;D:\大数据\maven01\org\codehaus\jackson\jackson-xc\1.9.13\jackson-xc-1.9.13.jar;D:\大数据\maven01\org\apache\hadoop\hadoop-mapreduce-client-jobclient\2.7.3\hadoop-mapreduce-client-jobclient-2.7.3.jar;D:\大数据\maven01\org\apache\hadoop\hadoop-annotations\2.7.3\hadoop-annotations-2.7.3.jar;"/>
    <property name="sun.cpu.endian" value="little"/>
    <property name="user.home" value="C:\Users\41024"/>
    <property name="user.language" value="zh"/>
    <property name="java.specification.vendor" value="Oracle Corporation"/>
    <property name="java.home" value="D:\java\jre"/>
    <property name="basedir" value="D:\大数据\mypro01"/>
    <property name="file.separator" value="\"/>
    <property name="line.separator" value="&#10;"/>
    <property name="java.vm.specification.vendor" value="Oracle Corporation"/>
    <property name="java.specification.name" value="Java Platform API Specification"/>
    <property name="java.awt.graphicsenv" value="sun.awt.Win32GraphicsEnvironment"/>
    <property name="surefire.real.class.path" value="C:\Users\41024\AppData\Local\Temp\surefire768979080993258833\surefirebooter2424821790257334761.jar"/>
    <property name="sun.boot.class.path" value="D:\java\jre\lib\resources.jar;D:\java\jre\lib\rt.jar;D:\java\jre\lib\sunrsasign.jar;D:\java\jre\lib\jsse.jar;D:\java\jre\lib\jce.jar;D:\java\jre\lib\charsets.jar;D:\java\jre\lib\jfr.jar;D:\java\jre\classes"/>
    <property name="user.script" value=""/>
    <property name="sun.management.compiler" value="HotSpot 64-Bit Tiered Compilers"/>
    <property name="java.runtime.version" value="1.8.0_181-b13"/>
    <property name="user.name" value="41024"/>
    <property name="path.separator" value=";"/>
    <property name="os.version" value="10.0"/>
    <property name="java.endorsed.dirs" value="D:\java\jre\lib\endorsed"/>
    <property name="java.runtime.name" value="Java(TM) SE Runtime Environment"/>
    <property name="file.encoding" value="GBK"/>
    <property name="java.vm.name" value="Java HotSpot(TM) 64-Bit Server VM"/>
    <property name="localRepository" value="D:\大数据\maven01"/>
    <property name="java.vendor.url.bug" value="http://bugreport.sun.com/bugreport/"/>
    <property name="java.io.tmpdir" value="C:\Users\41024\AppData\Local\Temp\"/>
    <property name="java.version" value="1.8.0_181"/>
    <property name="user.dir" value="D:\大数据\mypro01"/>
    <property name="os.arch" value="amd64"/>
    <property name="java.vm.specification.name" value="Java Virtual Machine Specification"/>
    <property name="java.awt.printerjob" value="sun.awt.windows.WPrinterJob"/>
    <property name="sun.os.patch.level" value=""/>
    <property name="java.library.path" value="D:\java\jre\bin;C:\WINDOWS\Sun\Java\bin;C:\WINDOWS\system32;C:\WINDOWS;D:\NetSarang\Xshell 6\;D:\大数据\hadoop\xftp\;C:\Program Files (x86)\Common Files\Oracle\Java\javapath;C:\Program Files (x86)\Intel\iCLS Client\;C:\Program Files\Intel\iCLS Client\;C:\Windows\system32;C:\Windows;C:\Windows\System32\Wbem;C:\Windows\System32\WindowsPowerShell\v1.0\;C:\Program Files (x86)\Intel\Intel(R) Management Engine Components\DAL;C:\Program Files\Intel\Intel(R) Management Engine Components\DAL;C:\Program Files (x86)\Intel\Intel(R) Management Engine Components\IPT;C:\Program Files\Intel\Intel(R) Management Engine Components\IPT;C:\Program Files (x86)\NVIDIA Corporation\PhysX\Common;C:\WINDOWS\system32;C:\WINDOWS;C:\WINDOWS\System32\Wbem;C:\WINDOWS\System32\WindowsPowerShell\v1.0\;C:\Program Files\Intel\WiFi\bin\;C:\Program Files\Common Files\Intel\WirelessCommon\;C:\WINDOWS\System32\OpenSSH\;C:\Program Files\dotnet\;&quot;C:\mysql-8.0.13-winx64\mysql-8.0.13-winx64\bin;&quot;;D:\Git\Git\cmd;C:\Users\41024\AppData\Local\Programs\Python\Python36;C:\Users\41024\AppData\Local\Programs\Python\Python36\Scripts;D:\大数据\maven\apache-maven-3.6.2\bin;D:\java\bin;D:\MyDownloads\MSDev98\Bin;D:\MyDownloads\Tools;D:\Microsoft Visual Studio\VC98\bin;C:\Users\41024\AppData\Local\Microsoft\WindowsApps;C:\Program Files\Intel\WiFi\bin\;C:\Program Files\Common Files\Intel\WirelessCommon\;C:\mysql-8.0.13-winx64\mysql-8.0.13-winx64\bin;;."/>
    <property name="java.vm.info" value="mixed mode"/>
    <property name="java.vendor" value="Oracle Corporation"/>
    <property name="java.vm.version" value="25.181-b13"/>
    <property name="java.ext.dirs" value="D:\java\jre\lib\ext;C:\WINDOWS\Sun\Java\lib\ext"/>
    <property name="sun.io.unicode.encoding" value="UnicodeLittle"/>
    <property name="java.class.version" value="52.0"/>
  </properties>
  <testcase name="shouldAnswerWithTrue" classname="com.test.AppTest" time="0.002"/>
</testsuite>